<?xml version="1.0" encoding="UTF-8"?>
<!-- Generated by org.testng.reporters.JUnitReportReporter -->
<testsuite hostname="EDDY" failures="0" tests="1" name="com.qa.tests.AddCustomerTest" time="48.580" errors="0" timestamp="07 Dec 2022 05:35:45 GMT" skipped="0">
  <testcase classname="com.qa.tests.AddCustomerTest" name="AddCustomerContact" time="48.580"/>
</testsuite> <!-- com.qa.tests.AddCustomerTest -->
