<?xml version="1.0" encoding="UTF-8"?>
<!-- Generated by org.testng.reporters.JUnitReportReporter -->
<testsuite hostname="EDDY" failures="0" tests="3" name="com.qa.tests.LoginTest" time="28.862" errors="0" timestamp="07 Dec 2022 05:40:55 GMT" skipped="0">
  <testcase classname="com.qa.tests.LoginTest" name="invalidUsernameShouldNotBeAbleToLogin" time="10.865"/>
  <testcase classname="com.qa.tests.LoginTest" name="invalidPasswordShouldNotBeAbleToLogin" time="8.781"/>
  <testcase classname="com.qa.tests.LoginTest" name="validUserShouldBeAbleToLogin" time="9.216"/>
</testsuite> <!-- com.qa.tests.LoginTest -->
