<?xml version="1.0" encoding="UTF-8"?>
<!-- Generated by org.testng.reporters.JUnitReportReporter -->
<testsuite hostname="EDDY" failures="0" tests="7" name="com.qa.tests.NewInvoiceTest" time="51.658" errors="0" timestamp="07 Dec 2022 05:43:23 GMT" skipped="6">
  <testcase classname="com.qa.tests.NewInvoiceTest" name="UserShouldBeAbleToCreateNewInvoice" time="51.658"/>
  <testcase classname="com.qa.tests.NewInvoiceTest" name="UserShouldBeAbleToVerifyNewRecurringInvoices">
    <skipped/>
  </testcase> <!-- UserShouldBeAbleToVerifyNewRecurringInvoices -->
  <testcase classname="com.qa.tests.NewInvoiceTest" name="UserShouldBeAbleToCreateNewQuotes">
    <skipped/>
  </testcase> <!-- UserShouldBeAbleToCreateNewQuotes -->
  <testcase classname="com.qa.tests.NewInvoiceTest" name="UserShouldBeAbleToVerifyRecurringInvoices">
    <skipped/>
  </testcase> <!-- UserShouldBeAbleToVerifyRecurringInvoices -->
  <testcase classname="com.qa.tests.NewInvoiceTest" name="UserShouldBeAbleToVerifyPayments">
    <skipped/>
  </testcase> <!-- UserShouldBeAbleToVerifyPayments -->
  <testcase classname="com.qa.tests.NewInvoiceTest" name="UserShouldBeAbleToVerifyQuotes">
    <skipped/>
  </testcase> <!-- UserShouldBeAbleToVerifyQuotes -->
  <testcase classname="com.qa.tests.NewInvoiceTest" name="UserShouldBeAbleToViewTheInvoice">
    <skipped/>
  </testcase> <!-- UserShouldBeAbleToViewTheInvoice -->
</testsuite> <!-- com.qa.tests.NewInvoiceTest -->
