<?xml version="1.0" encoding="UTF-8"?>
<!-- Generated by org.testng.reporters.JUnitReportReporter -->
<testsuite skipped="0" hostname="EDDY" name="com.qa.tests.LoginTest" tests="3" failures="0" timestamp="07 Dec 2022 06:02:49 GMT" time="26.625" errors="0">
  <testcase name="invalidUsernameShouldNotBeAbleToLogin" time="8.518" classname="com.qa.tests.LoginTest"/>
  <testcase name="invalidPasswordShouldNotBeAbleToLogin" time="8.731" classname="com.qa.tests.LoginTest"/>
  <testcase name="validUserShouldBeAbleToLogin" time="9.376" classname="com.qa.tests.LoginTest"/>
</testsuite> <!-- com.qa.tests.LoginTest -->
