<?xml version="1.0" encoding="UTF-8"?>
<!-- Generated by org.testng.reporters.JUnitReportReporter -->
<testsuite skipped="0" hostname="EDDY" name="com.qa.tests.AddCustomerTest" tests="1" failures="0" timestamp="07 Dec 2022 06:02:49 GMT" time="41.760" errors="0">
  <testcase name="AddCustomerContact" time="41.760" classname="com.qa.tests.AddCustomerTest"/>
</testsuite> <!-- com.qa.tests.AddCustomerTest -->
